2024-10-16 19:06:38,872 [Worker-5: Loading available Gradle versions] INFO  o.e.b.c.i.u.g.PublishedGradleVersions - Gradle version information cache is not available. Remote download required.
2024-10-16 19:08:17,362 [Worker-3: Import Getting Started Content] INFO  o.e.m.c.i.p.ProjectConfigurationManager - Imported and configured 1 project(s) in 0 sec
2024-10-16 19:08:17,367 [Worker-3: Import Getting Started Content] INFO  o.e.m.c.i.p.ProjectConfigurationManager - Update started
2024-10-16 19:08:17,398 [Worker-3: Import Getting Started Content] INFO  o.e.m.c.i.p.ProjectConfigurationManager - Update completed for 1 poms: local refresh takes 0.00 sec, refresh facades takes 0.00 sec, update config takes 0.00 sec 
2024-10-16 19:09:34,023 [Worker-0: Import Getting Started Content] INFO  o.e.m.c.i.p.ProjectConfigurationManager - Imported and configured 1 project(s) in 0 sec
2024-10-16 19:09:34,024 [Worker-0: Import Getting Started Content] INFO  o.e.m.c.i.p.ProjectConfigurationManager - Update started
2024-10-16 19:09:34,056 [Worker-0: Import Getting Started Content] INFO  o.e.m.c.i.p.ProjectConfigurationManager - Update completed for 1 poms: local refresh takes 0.00 sec, refresh facades takes 0.00 sec, update config takes 0.00 sec 
2024-10-16 19:09:50,396 [Worker-0: reload maven project] ERROR o.e.m.c.i.p.r.ProjectRegistryManager - Failed to read Maven project: Some problems were encountered while processing the POMs:
[ERROR] Invalid packaging for parent POM com.example:LogIn-3:0.0.1-SNAPSHOT, must be "pom" but is "jar" @ com.example:LogIn-3:0.0.1-SNAPSHOT
[ERROR] Invalid packaging for parent POM com.example:LogIn-3:0.0.1-SNAPSHOT, must be "pom" but is "jar" @ org.springframework.boot:spring-boot-starter-parent:3.3.4
[FATAL] The parents form a cycle: com.example:QuizzApp:0.0.1-SNAPSHOT -> org.springframework.boot:spring-boot-dependencies:3.3.4 -> org.springframework.boot:spring-boot-starter-parent:3.3.4 -> org.springframework.boot:spring-boot-dependencies:3.3.4 @ org.springframework.boot:spring-boot-starter-parent:3.3.4

org.apache.maven.project.ProjectBuildingException: Some problems were encountered while processing the POMs:
[ERROR] Invalid packaging for parent POM com.example:LogIn-3:0.0.1-SNAPSHOT, must be "pom" but is "jar" @ com.example:LogIn-3:0.0.1-SNAPSHOT
[ERROR] Invalid packaging for parent POM com.example:LogIn-3:0.0.1-SNAPSHOT, must be "pom" but is "jar" @ org.springframework.boot:spring-boot-starter-parent:3.3.4
[FATAL] The parents form a cycle: com.example:QuizzApp:0.0.1-SNAPSHOT -> org.springframework.boot:spring-boot-dependencies:3.3.4 -> org.springframework.boot:spring-boot-starter-parent:3.3.4 -> org.springframework.boot:spring-boot-dependencies:3.3.4 @ org.springframework.boot:spring-boot-starter-parent:3.3.4

	at org.eclipse.m2e.core.internal.IMavenToolbox.readMavenProjects(IMavenToolbox.java:140)
	at org.eclipse.m2e.core.internal.project.registry.ProjectRegistryManager.lambda$22(ProjectRegistryManager.java:943)
	at org.eclipse.m2e.core.internal.embedder.MavenExecutionContext.executeBare(MavenExecutionContext.java:458)
	at org.eclipse.m2e.core.internal.embedder.MavenExecutionContext.execute(MavenExecutionContext.java:339)
	at org.eclipse.m2e.core.internal.embedder.MavenExecutionContext.execute(MavenExecutionContext.java:278)
	at org.eclipse.m2e.core.internal.project.registry.ProjectRegistryManager.readProjectsWithDependencies(ProjectRegistryManager.java:939)
	at org.eclipse.m2e.core.internal.project.registry.ProjectRegistryManager.create(ProjectRegistryManager.java:219)
	at org.eclipse.m2e.core.internal.project.registry.MavenProjectManager.create(MavenProjectManager.java:105)
	at org.eclipse.m2e.core.ui.internal.actions.SelectionUtil.getMavenProject(SelectionUtil.java:239)
	at org.eclipse.m2e.editor.pom.MavenPomEditor.readMavenProject(MavenPomEditor.java:709)
	at org.eclipse.m2e.editor.pom.MavenPomEditor$4.run(MavenPomEditor.java:1029)
	at org.eclipse.core.internal.jobs.Worker.run(Worker.java:63)
2024-10-16 19:11:22,234 [Worker-9: Import Getting Started Content] INFO  o.e.m.c.i.p.ProjectConfigurationManager - Imported and configured 1 project(s) in 0 sec
2024-10-16 19:11:22,235 [Worker-9: Import Getting Started Content] INFO  o.e.m.c.i.p.ProjectConfigurationManager - Update started
2024-10-16 19:11:22,260 [Worker-9: Import Getting Started Content] INFO  o.e.m.c.i.p.ProjectConfigurationManager - Update completed for 1 poms: local refresh takes 0.00 sec, refresh facades takes 0.00 sec, update config takes 0.00 sec 
2024-10-16 19:12:03,578 [Worker-1: Import Getting Started Content] INFO  o.e.m.c.i.p.ProjectConfigurationManager - Imported and configured 1 project(s) in 0 sec
2024-10-16 19:12:03,580 [Worker-1: Import Getting Started Content] INFO  o.e.m.c.i.p.ProjectConfigurationManager - Update started
2024-10-16 19:12:03,597 [Worker-1: Import Getting Started Content] INFO  o.e.m.c.i.p.ProjectConfigurationManager - Update completed for 1 poms: local refresh takes 0.00 sec, refresh facades takes 0.00 sec, update config takes 0.00 sec 
2024-11-22 12:13:34,804 [Worker-5: Loading available Gradle versions] INFO  o.e.b.c.i.u.g.PublishedGradleVersions - Gradle version information cache is out-of-date. Trying to update.
2024-11-28 14:17:34,987 [Worker-3: Loading available Gradle versions] INFO  o.e.b.c.i.u.g.PublishedGradleVersions - Gradle version information cache is out-of-date. Trying to update.
