2024-11-21 17:13:48,223 - com.priya.LoggingApplication - [logStarting] - 
2024-11-21 17:13:48,224 - com.priya.LoggingApplication - [logStartupProfileInfo] - 
2024-11-21 17:13:48,312 - org.springframework.context.support.PostProcessorRegistrationDelegate$BeanPostProcessorChecker - [postProcessAfterInitialization] - 
2024-11-21 17:13:48,314 - org.springframework.ws.soap.addressing.server.AnnotationActionEndpointMapping - [afterPropertiesSet] - 
2024-11-21 17:13:48,336 - org.springframework.boot.web.embedded.tomcat.TomcatWebServer - [initialize] - 
2024-11-21 17:13:48,337 - org.apache.catalina.core.StandardService - [log] - 
2024-11-21 17:13:48,337 - org.apache.catalina.core.StandardEngine - [log] - 
2024-11-21 17:13:48,350 - org.apache.catalina.core.ContainerBase.[Tomcat].[localhost].[/] - [log] - 
2024-11-21 17:13:48,351 - org.springframework.boot.web.servlet.context.ServletWebServerApplicationContext - [prepareWebApplicationContext] - 
2024-11-21 17:13:48,399 - org.springframework.boot.devtools.autoconfigure.OptionalLiveReloadServer - [startServer] - 
2024-11-21 17:13:48,407 - org.springframework.boot.web.embedded.tomcat.TomcatWebServer - [start] - 
2024-11-21 17:13:48,410 - com.priya.LoggingApplication - [logStarted] - 
2024-11-21 17:13:48,412 - org.springframework.boot.devtools.autoconfigure.ConditionEvaluationDeltaLoggingListener - [onApplicationEvent] - 
2024-11-21 17:13:49,169 - org.springframework.boot.admin.SpringApplicationAdminMXBeanRegistrar$SpringApplicationAdmin - [shutdown] - 
2024-11-21 17:13:51,402 - com.priya.LoggingApplication - [logStarting] - 
2024-11-21 17:13:51,404 - com.priya.LoggingApplication - [logStartupProfileInfo] - 
2024-11-21 17:13:51,453 - org.springframework.boot.devtools.env.DevToolsPropertyDefaultsPostProcessor - [logTo] - 
2024-11-21 17:13:51,454 - org.springframework.boot.devtools.env.DevToolsPropertyDefaultsPostProcessor - [logTo] - 
2024-11-21 17:13:52,163 - org.springframework.context.support.PostProcessorRegistrationDelegate$BeanPostProcessorChecker - [postProcessAfterInitialization] - 
2024-11-21 17:13:52,203 - org.springframework.ws.soap.addressing.server.AnnotationActionEndpointMapping - [afterPropertiesSet] - 
2024-11-21 17:13:52,494 - org.springframework.boot.web.embedded.tomcat.TomcatWebServer - [initialize] - 
2024-11-21 17:13:52,526 - org.apache.catalina.core.StandardService - [log] - 
2024-11-21 17:13:52,527 - org.apache.catalina.core.StandardEngine - [log] - 
2024-11-21 17:13:52,591 - org.apache.catalina.core.ContainerBase.[Tomcat].[localhost].[/] - [log] - 
2024-11-21 17:13:52,592 - org.springframework.boot.web.servlet.context.ServletWebServerApplicationContext - [prepareWebApplicationContext] - 
2024-11-21 17:13:52,934 - org.springframework.boot.devtools.autoconfigure.OptionalLiveReloadServer - [startServer] - 
2024-11-21 17:13:52,967 - org.springframework.boot.web.embedded.tomcat.TomcatWebServer - [start] - 
2024-11-21 17:13:52,975 - com.priya.LoggingApplication - [logStarted] - 
2024-11-21 17:14:09,520 - org.springframework.boot.devtools.autoconfigure.LocalDevToolsAutoConfiguration$RestartingClassPathChangeChangedEventListener - [onApplicationEvent] - 
2024-11-21 17:14:09,636 - com.priya.LoggingApplication - [logStarting] - 
2024-11-21 17:14:09,636 - com.priya.LoggingApplication - [logStartupProfileInfo] - 
2024-11-21 17:14:09,824 - org.springframework.context.support.PostProcessorRegistrationDelegate$BeanPostProcessorChecker - [postProcessAfterInitialization] - 
2024-11-21 17:14:09,826 - org.springframework.ws.soap.addressing.server.AnnotationActionEndpointMapping - [afterPropertiesSet] - 
2024-11-21 17:14:09,868 - org.springframework.boot.web.embedded.tomcat.TomcatWebServer - [initialize] - 
2024-11-21 17:14:09,869 - org.apache.catalina.core.StandardService - [log] - 
2024-11-21 17:14:09,870 - org.apache.catalina.core.StandardEngine - [log] - 
2024-11-21 17:14:09,889 - org.apache.catalina.core.ContainerBase.[Tomcat].[localhost].[/] - [log] - 
2024-11-21 17:14:09,889 - org.springframework.boot.web.servlet.context.ServletWebServerApplicationContext - [prepareWebApplicationContext] - 
2024-11-21 17:14:09,995 - org.springframework.boot.devtools.autoconfigure.OptionalLiveReloadServer - [startServer] - 
2024-11-21 17:14:10,008 - org.springframework.boot.web.embedded.tomcat.TomcatWebServer - [start] - 
2024-11-21 17:14:10,013 - com.priya.LoggingApplication - [logStarted] - 
2024-11-21 17:14:10,015 - org.springframework.boot.devtools.autoconfigure.ConditionEvaluationDeltaLoggingListener - [onApplicationEvent] - 
2024-11-21 17:14:39,745 - org.springframework.boot.devtools.autoconfigure.LocalDevToolsAutoConfiguration$RestartingClassPathChangeChangedEventListener - [onApplicationEvent] - 
2024-11-21 17:14:39,833 - com.priya.LoggingApplication - [logStarting] - 
2024-11-21 17:14:39,834 - com.priya.LoggingApplication - [logStartupProfileInfo] - 
2024-11-21 17:14:39,947 - org.springframework.context.support.PostProcessorRegistrationDelegate$BeanPostProcessorChecker - [postProcessAfterInitialization] - 
2024-11-21 17:14:39,949 - org.springframework.ws.soap.addressing.server.AnnotationActionEndpointMapping - [afterPropertiesSet] - 
2024-11-21 17:14:39,977 - org.springframework.boot.web.embedded.tomcat.TomcatWebServer - [initialize] - 
2024-11-21 17:14:39,978 - org.apache.catalina.core.StandardService - [log] - 
2024-11-21 17:14:39,979 - org.apache.catalina.core.StandardEngine - [log] - 
2024-11-21 17:14:39,992 - org.apache.catalina.core.ContainerBase.[Tomcat].[localhost].[/] - [log] - 
2024-11-21 17:14:39,993 - org.springframework.boot.web.servlet.context.ServletWebServerApplicationContext - [prepareWebApplicationContext] - 
2024-11-21 17:14:40,058 - org.springframework.boot.devtools.autoconfigure.OptionalLiveReloadServer - [startServer] - 
2024-11-21 17:14:40,069 - org.springframework.boot.web.embedded.tomcat.TomcatWebServer - [start] - 
2024-11-21 17:14:40,071 - com.priya.LoggingApplication - [logStarted] - 
2024-11-21 17:14:40,072 - org.springframework.boot.devtools.autoconfigure.ConditionEvaluationDeltaLoggingListener - [onApplicationEvent] - 
2024-11-21 17:15:01,351 - org.apache.catalina.core.ContainerBase.[Tomcat].[localhost].[/] - [log] - 
2024-11-21 17:15:01,352 - org.springframework.web.servlet.DispatcherServlet - [initServletBean] - 
2024-11-21 17:15:01,353 - org.springframework.web.servlet.DispatcherServlet - [initServletBean] - 
2024-11-21 17:15:01,380 - com.priya.controller.Controllers - [getWish] - 
2024-11-21 17:16:27,563 - org.springframework.boot.devtools.autoconfigure.LocalDevToolsAutoConfiguration$RestartingClassPathChangeChangedEventListener - [onApplicationEvent] - 
2024-11-21 17:16:27,664 - com.priya.LoggingApplication - [logStarting] - 
2024-11-21 17:16:27,664 - com.priya.LoggingApplication - [logStartupProfileInfo] - 
2024-11-21 17:16:27,763 - org.springframework.context.support.PostProcessorRegistrationDelegate$BeanPostProcessorChecker - [postProcessAfterInitialization] - 
2024-11-21 17:16:27,764 - org.springframework.ws.soap.addressing.server.AnnotationActionEndpointMapping - [afterPropertiesSet] - 
2024-11-21 17:16:27,786 - org.springframework.boot.web.embedded.tomcat.TomcatWebServer - [initialize] - 
2024-11-21 17:16:27,787 - org.apache.catalina.core.StandardService - [log] - 
2024-11-21 17:16:27,787 - org.apache.catalina.core.StandardEngine - [log] - 
2024-11-21 17:16:27,801 - org.apache.catalina.core.ContainerBase.[Tomcat].[localhost].[/] - [log] - 
2024-11-21 17:16:27,801 - org.springframework.boot.web.servlet.context.ServletWebServerApplicationContext - [prepareWebApplicationContext] - 
2024-11-21 17:16:27,854 - org.springframework.boot.devtools.autoconfigure.OptionalLiveReloadServer - [startServer] - 
2024-11-21 17:16:27,862 - org.springframework.boot.web.embedded.tomcat.TomcatWebServer - [start] - 
2024-11-21 17:16:27,865 - com.priya.LoggingApplication - [logStarted] - 
2024-11-21 17:16:27,866 - org.springframework.boot.devtools.autoconfigure.ConditionEvaluationDeltaLoggingListener - [onApplicationEvent] - 
2024-11-21 17:16:42,425 - org.springframework.boot.devtools.autoconfigure.LocalDevToolsAutoConfiguration$RestartingClassPathChangeChangedEventListener - [onApplicationEvent] - 
2024-11-21 17:16:42,536 - com.priya.LoggingApplication - [logStarting] - 
2024-11-21 17:16:42,537 - com.priya.LoggingApplication - [logStartupProfileInfo] - 
2024-11-21 17:16:42,654 - org.springframework.context.support.PostProcessorRegistrationDelegate$BeanPostProcessorChecker - [postProcessAfterInitialization] - 
2024-11-21 17:16:42,655 - org.springframework.ws.soap.addressing.server.AnnotationActionEndpointMapping - [afterPropertiesSet] - 
2024-11-21 17:16:42,681 - org.springframework.boot.web.embedded.tomcat.TomcatWebServer - [initialize] - 
2024-11-21 17:16:42,682 - org.apache.catalina.core.StandardService - [log] - 
2024-11-21 17:16:42,682 - org.apache.catalina.core.StandardEngine - [log] - 
2024-11-21 17:16:42,696 - org.apache.catalina.core.ContainerBase.[Tomcat].[localhost].[/] - [log] - 
2024-11-21 17:16:42,696 - org.springframework.boot.web.servlet.context.ServletWebServerApplicationContext - [prepareWebApplicationContext] - 
2024-11-21 17:16:42,755 - org.springframework.boot.devtools.autoconfigure.OptionalLiveReloadServer - [startServer] - 
2024-11-21 17:16:42,765 - org.springframework.boot.web.embedded.tomcat.TomcatWebServer - [start] - 
2024-11-21 17:16:42,769 - com.priya.LoggingApplication - [logStarted] - 
2024-11-21 17:16:42,770 - org.springframework.boot.devtools.autoconfigure.ConditionEvaluationDeltaLoggingListener - [onApplicationEvent] - 
2024-11-21 17:25:44,096 - org.springframework.boot.admin.SpringApplicationAdminMXBeanRegistrar$SpringApplicationAdmin - [shutdown] - 
